#
# A fatal error has been detected by the Java Runtime Environment:
#
#  EXCEPTION_ACCESS_VIOLATION (0xc0000005) at pc=0x00007ffcb5973004, pid=11632, tid=17496
#
# JRE version: OpenJDK Runtime Environment (24.0+36) (build 24+36-3646)
# Java VM: OpenJDK 64-Bit Server VM (24+36-3646, mixed mode, sharing, tiered, compressed oops, compressed class ptrs, g1 gc, windows-amd64)
# Problematic frame:
# C  [libasyncProfiler.dll+0x93004]
#
# No core dump will be written. Minidumps are not enabled by default on client versions of Windows
#
# JFR recording file will be written. Location: C:\DTU\Agile - Software - Java\Minicraft\hs_err_pid11632.jfr
#
# If you would like to submit a bug report, please visit:
#   https://bugreport.java.com/bugreport/crash.jsp
# The crash happened outside the Java Virtual Machine in native code.
# See problematic frame for where to report the bug.
#

---------------  S U M M A R Y ------------

Command Line: -ea -Didea.test.cyclic.buffer.size=1048576 -javaagent:C:\Program Files\JetBrains\IntelliJ IDEA 2024.3.2.2\lib\idea_rt.jar=54852:C:\Program Files\JetBrains\IntelliJ IDEA 2024.3.2.2\bin -javaagent:C:\Users\stefa\AppData\Local\JetBrains\IntelliJIdea2024.3\captureAgent\debugger-agent.jar -Dkotlinx.coroutines.debug.enable.creation.stack.trace=false -Ddebugger.agent.enable.coroutines=true -Dkotlinx.coroutines.debug.enable.flows.stack.trace=true -Dkotlinx.coroutines.debug.enable.mutable.state.flows.stack.trace=true -agentpath:C:\Users\stefa\AppData\Local\Temp\idea_libasyncProfiler_dll_temp_folder11\libasyncProfiler.dll=start,jfr,event=wall,interval=10ms,jfrsync=profile,cstack=no,file=C:\Users\stefa\IdeaSnapshots\PlayerTest_2025_04_28_194922.jfr,dbghelppath=C:\Users\stefa\AppData\Local\Temp\idea_dbghelp_dll_temp_folder4\dbghelp.dll,log=C:\Users\stefa\AppData\Local\Temp\PlayerTest_2025_04_28_194922.jfr.log.txt,logLevel=DEBUG -Dfile.encoding=UTF-8 -Dsun.stdout.encoding=UTF-8 -Dsun.stderr.encoding=UTF-8 com.intellij.rt.junit.JUnitStarter -ideVersion5 -junit5 model.entity.PlayerTest

Host: AMD Ryzen 5 3550H with Radeon Vega Mobile Gfx  , 8 cores, 5G,  Windows 11 , 64 bit Build 22621 (10.0.22621.5124)
Time: Mon Apr 28 19:49:23 2025 Romance Daylight Time elapsed time: 1.071945 seconds (0d 0h 0m 1s)

---------------  T H R E A D  ---------------

Current thread (0x0000023df006db60):  JavaThread "main"             [_thread_in_native, id=17496, stack(0x0000008583900000,0x0000008583a00000) (1024K)]

Stack: [0x0000008583900000,0x0000008583a00000],  sp=0x00000085839fe820,  free space=1018k
Native frames: (J=compiled Java code, j=interpreted, Vv=VM code, C=native code)
C  [libasyncProfiler.dll+0x93004]  (no source info available)
C  [libasyncProfiler.dll+0x934db]  (no source info available)
C  [libasyncProfiler.dll+0x92134]  (no source info available)
C  [libasyncProfiler.dll+0x929aa]  (no source info available)
C  [libasyncProfiler.dll+0x8d561]  (no source info available)
C  [libasyncProfiler.dll+0x7ef21]  (no source info available)
C  [libasyncProfiler.dll+0x7dc38]  (no source info available)
C  [libasyncProfiler.dll+0x7db20]  (no source info available)
C  [libasyncProfiler.dll+0x83c3c]  (no source info available)
V  [jvm.dll+0x5e3a5e]  (no source info available)
V  [jvm.dll+0x8861e6]  (no source info available)
V  [jvm.dll+0x49604e]  (no source info available)
V  [jvm.dll+0x497e21]  (no source info available)
C  [jli.dll+0x52a1]  (no source info available)
C  [ucrtbase.dll+0x29333]  (no source info available)
C  [KERNEL32.DLL+0x1259d]  (no source info available)
C  [ntdll.dll+0x5af38]  (no source info available)


siginfo: EXCEPTION_ACCESS_VIOLATION (0xc0000005), reading address 0xffffffffffffffff


Registers:
RAX=0x0000000000000010, RBX=0x0000000000000000, RCX=0xffffffffffffffff, RDX=0x007ffcb6ce2ff010
RSP=0x00000085839fe820, RBP=0x0000023dd0450030, RSI=0x00000085839fe990, RDI=0x0000023dd0450030
R8 =0x0000000000000042, R9 =0x00000000a6d01ee8, R10=0x00007ffcb6f59fc0, R11=0x0000000000000004
R12=0x00000085839fe990, R13=0x0000023deffbdc90, R14=0x0000023df006df28, R15=0x0000023df006df28
RIP=0x00007ffcb5973004, EFLAGS=0x0000000000010202

XMM[0]=0x0000000000000000 0x0000000000000000
XMM[1]=0x0000000000000000 0x0000000000000000
XMM[2]=0x0000000000000000 0x0000000000000000
XMM[3]=0x0000000000000000 0x0000000000000000
XMM[4]=0x0000000000000000 0x0000000000000000
XMM[5]=0x0000000000000000 0x0000000000000000
XMM[6]=0x0000000000000000 0x0000000000000000
XMM[7]=0x0000000000000000 0x0000000000000000
XMM[8]=0x0000000000000000 0x0000000000000000
XMM[9]=0x0000000000000000 0x0000000000000000
XMM[10]=0x0000000000000000 0x0000000000000000
XMM[11]=0x0000000000000000 0x0000000000000000
XMM[12]=0x0000000000000000 0x0000000000000000
XMM[13]=0x0000000000000000 0x0000000000000000
XMM[14]=0x0000000000000000 0x0000000000000000
XMM[15]=0x0000000000000000 0x0000000000000000
  MXCSR=0x00001fa0


Register to memory mapping:

RAX=0x0000000000000010 is an unknown value
RBX=0x0 is null
RCX=0xffffffffffffffff is an unknown value
RDX=0x007ffcb6ce2ff010 is an unknown value
RSP=0x00000085839fe820 is pointing into the stack for thread: 0x0000023df006db60
RBP=0x0000023dd0450030 points into unknown readable memory: 0x00000000a6d01ee8 | e8 1e d0 a6 00 00 00 00
RSI=0x00000085839fe990 is pointing into the stack for thread: 0x0000023df006db60
RDI=0x0000023dd0450030 points into unknown readable memory: 0x00000000a6d01ee8 | e8 1e d0 a6 00 00 00 00
R8 =0x0000000000000042 is an unknown value
R9 =0x00000000a6d01ee8 is an oop: java.lang.Thread 
{0x00000000a6d01ee8} - klass: 'java/lang/Thread' - flags: 

 - ---- fields (total size 14 words):
 - 'threadLocalRandomProbe' 'I' @12  0 (0x00000000)
 - private volatile 'eetop' 'J' @16  2465043241824 (0x0000023df006db60)
 - private final 'tid' 'J' @24  3 (0x0000000000000003)
 - 'threadLocalRandomSeed' 'J' @32  0 (0x0000000000000000)
 - injected 'jvmti_thread_state' 'J' @40  2464507601968 (0x0000023dd019a430)
 - 'threadLocalRandomSecondarySeed' 'I' @48  0 (0x00000000)
 - injected 'jvmti_VTMS_transition_disable_count' 'I' @52  0 (0x00000000)
 - injected 'jfr_epoch' 'S' @56  0 (0x0000)
 - volatile 'interrupted' 'Z' @58  false (0x00)
 - injected 'jvmti_is_in_VTMS_transition' 'Z' @59  false (0x00)
 - private volatile 'name' 'Ljava/lang/String;' @60  "main"{0x00000000a6d01f58} (0xa6d01f58)
 - private volatile 'contextClassLoader' 'Ljava/lang/ClassLoader;' @64  a 'jdk/internal/loader/ClassLoaders$AppClassLoader'{0x00000000a6d25fe8} (0xa6d25fe8)
 - private final 'holder' 'Ljava/lang/Thread$FieldHolder;' @68  a 'java/lang/Thread$FieldHolder'{0x00000000a6d01f98} (0xa6d01f98)
 - 'threadLocals' 'Ljava/lang/ThreadLocal$ThreadLocalMap;' @72  a 'java/lang/ThreadLocal$ThreadLocalMap'{0x00000000a6bc3ac8} (0xa6bc3ac8)
 - 'inheritableThreadLocals' 'Ljava/lang/ThreadLocal$ThreadLocalMap;' @76  null (0x00000000)
 - private 'scopedValueBindings' 'Ljava/lang/Object;' @80  a 'java/lang/Class'{0x00000000ffe7c280} = 'java/lang/Thread' (0xffe7c280)
 - final 'interruptLock' 'Ljava/lang/Object;' @84  a 'java/lang/Object'{0x00000000a6d01f88} (0xa6d01f88)
 - private volatile 'parkBlocker' 'Ljava/lang/Object;' @88  null (0x00000000)
 - private 'nioBlocker' 'Lsun/nio/ch/Interruptible;' @92  null (0x00000000)
 - private 'cont' 'Ljdk/internal/vm/Continuation;' @96  null (0x00000000)
 - private volatile 'uncaughtExceptionHandler' 'Ljava/lang/Thread$UncaughtExceptionHandler;' @100  null (0x00000000)
 - private 'container' 'Ljdk/internal/vm/ThreadContainer;' @104  null (0x00000000)
 - private volatile 'headStackableScopes' 'Ljdk/internal/vm/StackableScope;' @108  null (0x00000000)
R10=0x00007ffcb6f59fc0 jvm.dll
R11=0x0000000000000004 is an unknown value
R12=0x00000085839fe990 is pointing into the stack for thread: 0x0000023df006db60
R13=0x0000023deffbdc90 points into unknown readable memory: 0x00007ffcb6eca510 | 10 a5 ec b6 fc 7f 00 00
R14=0x0000023df006df28 points into unknown readable memory: 0x00007ffcb6ec17b0 | b0 17 ec b6 fc 7f 00 00
R15=0x0000023df006df28 points into unknown readable memory: 0x00007ffcb6ec17b0 | b0 17 ec b6 fc 7f 00 00

Top of Stack: (sp=0x00000085839fe820)
0x00000085839fe820:   00000085839fe990 0000023dd0450030   ........0.E.=...
0x00000085839fe830:   0000000000000000 0000023df006e2b0   ............=...
0x00000085839fe840:   000000000000001a 00007ffcb59734db   .........4......
0x00000085839fe850:   0000000000000000 0000023df006df28   ........(...=...
0x00000085839fe860:   00000085839fe901 0000000000000000   ................
0x00000085839fe870:   0000023dd6112fc0 00007ffcb5972134   ./..=...4!......
0x00000085839fe880:   0000000000000000 000000000000001a   ................
0x00000085839fe890:   0000000000000000 000000000000001a   ................
0x00000085839fe8a0:   00000009d0d37040 0000023dd61cb990   @p..........=...
0x00000085839fe8b0:   0000023dd6112fc0 0000023dd6113028   ./..=...(0..=...
0x00000085839fe8c0:   0000023dd6113030 0000000000004d58   00..=...XM......
0x00000085839fe8d0:   0000000000000000 0000000000000000   ................
0x00000085839fe8e0:   0000000000000000 00007ffcb67258e4   .........Xr.....
0x00000085839fe8f0:   00007ffcb5acae00 0000000000002d70   ........p-......
0x00000085839fe900:   00007ffcb5acae00 00000000ffffffff   ................
0x00000085839fe910:   0000000000000000 00007ffcb59729aa   .........)......
0x00000085839fe920:   0000023df006df28 0000000000000000   (...=...........
0x00000085839fe930:   00000085839fe999 0000023deffbdc90   ............=...
0x00000085839fe940:   0000023dd6300dc0 0000000000000000   ..0.=...........
0x00000085839fe950:   0000000000000000 00007ffcb5a74118   .........A......
0x00000085839fe960:   0000023df006df28 00007ffcb5acae00   (...=...........
0x00000085839fe970:   0000000000100000 0000000000001000   ................
0x00000085839fe980:   00000085839feb28 0000023df006df28   (.......(...=...
0x00000085839fe990:   0000023dd6248d60 0000023dd62490a0   `.$.=.....$.=...
0x00000085839fe9a0:   0000023dd62490a0 00007ffcb5acae00   ..$.=...........
0x00000085839fe9b0:   0000023dd6301c10 0000023dedbe0000   ..0.=.......=...
0x00000085839fe9c0:   00000085839fec60 0000000000008840   `.......@.......
0x00000085839fe9d0:   00007ffcb5abd080 00007ffcb5acae50   ........P.......
0x00000085839fe9e0:   0000000000989680 0000000000989680   ................
0x00000085839fe9f0:   00000085839feb00 00007ffcb596d561   ........a.......
0x00000085839fea00:   00007ffcb5acae00 00007ffcb5acae58   ........X.......
0x00000085839fea10:   00007ffc00000000 0000023d00000001   ............=...

Instructions: (pc=0x00007ffcb5973004)
  0x00007ffcb5972f04:   cc cc cc cc cc cc cc cc cc cc cc cc cc cc cc cc
  0x00007ffcb5972f14:   cc cc cc cc cc cc cc cc cc cc cc cc cc cc cc cc
  0x00007ffcb5972f24:   cc cc cc cc cc cc cc cc cc cc cc cc cc cc cc cc
  0x00007ffcb5972f34:   cc cc cc cc cc cc cc cc cc cc cc cc cc cc cc cc
  0x00007ffcb5972f44:   cc cc cc cc cc cc cc cc cc cc cc cc cc cc cc cc
  0x00007ffcb5972f54:   cc cc cc cc cc cc cc cc cc cc cc cc cc cc cc cc
  0x00007ffcb5972f64:   cc cc cc cc cc cc cc cc cc cc cc cc cc cc cc cc
  0x00007ffcb5972f74:   cc cc cc cc cc cc cc cc cc cc cc cc cc cc cc cc
  0x00007ffcb5972f84:   cc cc cc cc cc cc cc cc cc cc cc cc 40 57 48 83
  0x00007ffcb5972f94:   ec 20 48 8b f9 48 8b 0d 30 80 15 00 48 85 c9 74
  0x00007ffcb5972fa4:   20 48 8b 01 48 8d 54 24 38 41 b8 06 00 01 00 4c
  0x00007ffcb5972fb4:   8b 48 30 41 ff d1 85 c0 75 07 48 8b 4c 24 38 eb
  0x00007ffcb5972fc4:   02 33 c9 4c 8b 05 0a 81 15 00 48 89 5c 24 30 4d
  0x00007ffcb5972fd4:   85 c0 74 4a 48 8b 01 48 8b d7 4c 8b 88 28 03 00
  0x00007ffcb5972fe4:   00 41 ff d1 48 85 c0 74 35 48 63 0d b8 3d 15 00
  0x00007ffcb5972ff4:   48 8b 14 01 48 85 d2 74 15 48 63 05 bc 3d 15 00
=>0x00007ffcb5973004:   8b 04 10 48 8b 5c 24 30 48 83 c4 20 5f c3 b8 ff
  0x00007ffcb5973014:   ff ff ff 48 8b 5c 24 30 48 83 c4 20 5f c3 80 3d
  0x00007ffcb5973024:   bb 7f 15 00 00 bb ff ff ff ff 74 20 4c 8b 0d 51
  0x00007ffcb5973034:   7c 15 00 4c 8d 44 24 38 48 8b 0d 35 7c 15 00 48
  0x00007ffcb5973044:   8b d7 41 ff d1 85 c0 0f 44 5c 24 38 8b c3 48 8b
  0x00007ffcb5973054:   5c 24 30 48 83 c4 20 5f c3 cc cc cc cc cc cc cc
  0x00007ffcb5973064:   cc cc cc cc cc cc cc cc cc cc cc cc cc cc cc cc
  0x00007ffcb5973074:   cc cc cc cc cc cc cc cc cc cc cc cc cc cc cc cc
  0x00007ffcb5973084:   cc cc cc cc cc cc cc cc cc cc cc cc 48 89 54 24
  0x00007ffcb5973094:   10 53 55 56 57 41 56 41 57 48 83 ec 28 48 8b f2
  0x00007ffcb59730a4:   4c 8b f1 48 89 4c 24 78 45 33 ff 44 89 7c 24 68
  0x00007ffcb59730b4:   c7 44 24 60 01 00 00 00 48 8d 4c 24 68 e8 69 3c
  0x00007ffcb59730c4:   f7 ff 8b d8 48 8d 4c 24 60 e8 5d 3c f7 ff 8b e8
  0x00007ffcb59730d4:   49 8b ce e8 33 f3 f6 ff 48 8b f8 90 8b c3 f0 0f
  0x00007ffcb59730e4:   b1 2f 74 04 f3 90 eb f4 4c 89 3e 4c 89 7e 08 4c
  0x00007ffcb59730f4:   89 7e 10 49 8b 6e 08 4d 8b 76 10 49 3b ee 0f 84


Stack slot to memory mapping:

stack at sp + 0 slots: 0x00000085839fe990 is pointing into the stack for thread: 0x0000023df006db60
stack at sp + 1 slots: 0x0000023dd0450030 points into unknown readable memory: 0x00000000a6d01ee8 | e8 1e d0 a6 00 00 00 00
stack at sp + 2 slots: 0x0 is null
stack at sp + 3 slots: 0x0000023df006e2b0 points into unknown readable memory: 0x6e616c2e6176616a | 6a 61 76 61 2e 6c 61 6e
stack at sp + 4 slots: 0x000000000000001a is an unknown value
stack at sp + 5 slots: 0x00007ffcb59734db libasyncProfiler.dll
stack at sp + 6 slots: 0x0 is null
stack at sp + 7 slots: 0x0000023df006df28 points into unknown readable memory: 0x00007ffcb6ec17b0 | b0 17 ec b6 fc 7f 00 00

Lock stack of current Java thread (top to bottom):


---------------  P R O C E S S  ---------------

Threads class SMR info:
_java_thread_list=0x0000023dd5e1b240, length=15, elements={
0x0000023df006db60, 0x0000023defcbcd00, 0x0000023defcbe7b0, 0x0000023defcc41a0,
0x0000023defcc6ce0, 0x0000023defcc7a30, 0x0000023defccc9a0, 0x0000023defccde30,
0x0000023dd0112510, 0x0000023dd01cb2a0, 0x0000023dd036cb00, 0x0000023dd5e4ddc0,
0x0000023dd0114ae0, 0x0000023dd0113430, 0x0000023dd6309230
}

Java Threads: ( => current thread )
=>0x0000023df006db60 JavaThread "main"                              [_thread_in_native, id=17496, stack(0x0000008583900000,0x0000008583a00000) (1024K)]
  0x0000023defcbcd00 JavaThread "Reference Handler"          daemon [_thread_blocked, id=25100, stack(0x0000008584100000,0x0000008584200000) (1024K)]
  0x0000023defcbe7b0 JavaThread "Finalizer"                  daemon [_thread_blocked, id=4956, stack(0x0000008584200000,0x0000008584300000) (1024K)]
  0x0000023defcc41a0 JavaThread "Signal Dispatcher"          daemon [_thread_blocked, id=11228, stack(0x0000008584300000,0x0000008584400000) (1024K)]
  0x0000023defcc6ce0 JavaThread "Attach Listener"            daemon [_thread_in_vm, id=4848, stack(0x0000008584400000,0x0000008584500000) (1024K)]
  0x0000023defcc7a30 JavaThread "Service Thread"             daemon [_thread_blocked, id=15724, stack(0x0000008584500000,0x0000008584600000) (1024K)]
  0x0000023defccc9a0 JavaThread "Monitor Deflation Thread"   daemon [_thread_blocked, id=20368, stack(0x0000008584600000,0x0000008584700000) (1024K)]
  0x0000023defccde30 JavaThread "C2 CompilerThread0"         daemon [_thread_blocked, id=7936, stack(0x0000008584700000,0x0000008584800000) (1024K)]
  0x0000023dd0112510 JavaThread "C1 CompilerThread0"         daemon [_thread_blocked, id=13744, stack(0x0000008584800000,0x0000008584900000) (1024K)]
  0x0000023dd01cb2a0 JavaThread "Common-Cleaner"             daemon [_thread_blocked, id=18312, stack(0x0000008584900000,0x0000008584a00000) (1024K)]
  0x0000023dd036cb00 JavaThread "Monitor Ctrl-Break"         daemon [_thread_in_native, id=12672, stack(0x0000008584a00000,0x0000008584b00000) (1024K)]
  0x0000023dd5e4ddc0 JavaThread "JFR Recorder Thread"        daemon [_thread_in_native, id=7208, stack(0x0000008584c00000,0x0000008584d00000) (1024K)]
  0x0000023dd0114ae0 JavaThread "C2 CompilerThread1"         daemon [_thread_blocked, id=21984, stack(0x0000008584b00000,0x0000008584c00000) (1024K)]
  0x0000023dd0113430 JavaThread "C2 CompilerThread2"         daemon [_thread_blocked, id=27804, stack(0x0000008584d00000,0x0000008584e00000) (1024K)]
  0x0000023dd6309230 JavaThread "JFR Periodic Tasks"         daemon [_thread_blocked, id=19800, stack(0x0000008584e00000,0x0000008584f00000) (1024K)]
Total: 15

Other Threads:
  0x0000023defcac6e0 VMThread "VM Thread"                           [id=22728, stack(0x0000008584000000,0x0000008584100000) (1024K)]
  0x0000023dd00dad00 WatcherThread "VM Periodic Task Thread"        [id=24444, stack(0x0000008583f00000,0x0000008584000000) (1024K)]
  0x0000023defb8c260 WorkerThread "GC Thread#0"                     [id=13988, stack(0x0000008583a00000,0x0000008583b00000) (1024K)]
  0x0000023defb9c4c0 ConcurrentGCThread "G1 Main Marker"            [id=13888, stack(0x0000008583b00000,0x0000008583c00000) (1024K)]
  0x0000023defb9d770 WorkerThread "G1 Conc#0"                       [id=20052, stack(0x0000008583c00000,0x0000008583d00000) (1024K)]
  0x0000023defc45ae0 ConcurrentGCThread "G1 Refine#0"               [id=22784, stack(0x0000008583d00000,0x0000008583e00000) (1024K)]
  0x0000023defc46660 ConcurrentGCThread "G1 Service"                [id=28384, stack(0x0000008583e00000,0x0000008583f00000) (1024K)]
Total: 7

Threads with active compile tasks:
Total: 0

VM state: not at safepoint (normal execution)

VM Mutex/Monitor currently owned by a thread: None

Heap address: 0x00000000a0e00000, size: 1522 MB, Compressed Oops mode: 32-bit

CDS archive(s) mapped at: [0x0000023d8f000000-0x0000023d8fd40000-0x0000023d8fd40000), size 13893632, SharedBaseAddress: 0x0000023d8f000000, ArchiveRelocationMode: 1.
Compressed class space mapped at: 0x0000023d90000000-0x0000023dd0000000, reserved size: 1073741824
UseCompressedClassPointers 1, UseCompactObjectHeaders 0
Narrow klass pointer bits 32, Max shift 3
Narrow klass base: 0x0000023d8f000000, Narrow klass shift: 0
Encoding Range: [0x0000023d8f000000 - 0x0000023e8f000000), (4294967296 bytes)
Klass Range:    [0x0000023d8f000000 - 0x0000023dd0000000), (1090519040 bytes)
Klass ID Range:  [8 - 1090519033) (1090519025)

GC Precious Log:
 CardTable entry size: 512
 Card Set container configuration: InlinePtr #cards 5 size 8 Array Of Cards #cards 10 size 36 Howl #buckets 4 coarsen threshold 1843 Howl Bitmap #cards 512 size 80 coarsen threshold 460 Card regions per heap region 1 cards per card region 2048
 CPUs: 8 total, 8 available
 Memory: 6081M
 Large Page Support: Disabled
 NUMA Support: Disabled
 Compressed Oops: Enabled (32-bit)
 Heap Region Size: 1M
 Heap Min Capacity: 8M
 Heap Initial Capacity: 96M
 Heap Max Capacity: 1522M
 Pre-touch: Disabled
 Parallel Workers: 8
 Concurrent Workers: 2
 Concurrent Refinement Workers: 8
 Periodic GC: Disabled

Heap:
 garbage-first heap   total reserved 1558528K, committed 100352K, used 23664K [0x00000000a0e00000, 0x0000000100000000)
  region size 1024K, 23 young (23552K), 0 survivors (0K)
 Metaspace       used 7576K, committed 7808K, reserved 1114112K
  class space    used 616K, committed 704K, reserved 1048576K

Heap Regions: E=young(eden), S=young(survivor), O=old, HS=humongous(starts), HC=humongous(continues), CS=collection set, F=free, TAMS=top-at-mark-start, PB=parsable bottom
|   0|0x00000000a0e00000, 0x00000000a0e00000, 0x00000000a0f00000|  0%| F|  |TAMS 0x00000000a0e00000| PB 0x00000000a0e00000| Untracked |  0
|   1|0x00000000a0f00000, 0x00000000a0f00000, 0x00000000a1000000|  0%| F|  |TAMS 0x00000000a0f00000| PB 0x00000000a0f00000| Untracked |  0
|   2|0x00000000a1000000, 0x00000000a1000000, 0x00000000a1100000|  0%| F|  |TAMS 0x00000000a1000000| PB 0x00000000a1000000| Untracked |  0
|   3|0x00000000a1100000, 0x00000000a1100000, 0x00000000a1200000|  0%| F|  |TAMS 0x00000000a1100000| PB 0x00000000a1100000| Untracked |  0
|   4|0x00000000a1200000, 0x00000000a1200000, 0x00000000a1300000|  0%| F|  |TAMS 0x00000000a1200000| PB 0x00000000a1200000| Untracked |  0
|   5|0x00000000a1300000, 0x00000000a1300000, 0x00000000a1400000|  0%| F|  |TAMS 0x00000000a1300000| PB 0x00000000a1300000| Untracked |  0
|   6|0x00000000a1400000, 0x00000000a1400000, 0x00000000a1500000|  0%| F|  |TAMS 0x00000000a1400000| PB 0x00000000a1400000| Untracked |  0
|   7|0x00000000a1500000, 0x00000000a1500000, 0x00000000a1600000|  0%| F|  |TAMS 0x00000000a1500000| PB 0x00000000a1500000| Untracked |  0
|   8|0x00000000a1600000, 0x00000000a1600000, 0x00000000a1700000|  0%| F|  |TAMS 0x00000000a1600000| PB 0x00000000a1600000| Untracked |  0
|   9|0x00000000a1700000, 0x00000000a1700000, 0x00000000a1800000|  0%| F|  |TAMS 0x00000000a1700000| PB 0x00000000a1700000| Untracked |  0
|  10|0x00000000a1800000, 0x00000000a1800000, 0x00000000a1900000|  0%| F|  |TAMS 0x00000000a1800000| PB 0x00000000a1800000| Untracked |  0
|  11|0x00000000a1900000, 0x00000000a1900000, 0x00000000a1a00000|  0%| F|  |TAMS 0x00000000a1900000| PB 0x00000000a1900000| Untracked |  0
|  12|0x00000000a1a00000, 0x00000000a1a00000, 0x00000000a1b00000|  0%| F|  |TAMS 0x00000000a1a00000| PB 0x00000000a1a00000| Untracked |  0
|  13|0x00000000a1b00000, 0x00000000a1b00000, 0x00000000a1c00000|  0%| F|  |TAMS 0x00000000a1b00000| PB 0x00000000a1b00000| Untracked |  0
|  14|0x00000000a1c00000, 0x00000000a1c00000, 0x00000000a1d00000|  0%| F|  |TAMS 0x00000000a1c00000| PB 0x00000000a1c00000| Untracked |  0
|  15|0x00000000a1d00000, 0x00000000a1d00000, 0x00000000a1e00000|  0%| F|  |TAMS 0x00000000a1d00000| PB 0x00000000a1d00000| Untracked |  0
|  16|0x00000000a1e00000, 0x00000000a1e00000, 0x00000000a1f00000|  0%| F|  |TAMS 0x00000000a1e00000| PB 0x00000000a1e00000| Untracked |  0
|  17|0x00000000a1f00000, 0x00000000a1f00000, 0x00000000a2000000|  0%| F|  |TAMS 0x00000000a1f00000| PB 0x00000000a1f00000| Untracked |  0
|  18|0x00000000a2000000, 0x00000000a2000000, 0x00000000a2100000|  0%| F|  |TAMS 0x00000000a2000000| PB 0x00000000a2000000| Untracked |  0
|  19|0x00000000a2100000, 0x00000000a2100000, 0x00000000a2200000|  0%| F|  |TAMS 0x00000000a2100000| PB 0x00000000a2100000| Untracked |  0
|  20|0x00000000a2200000, 0x00000000a2200000, 0x00000000a2300000|  0%| F|  |TAMS 0x00000000a2200000| PB 0x00000000a2200000| Untracked |  0
|  21|0x00000000a2300000, 0x00000000a2300000, 0x00000000a2400000|  0%| F|  |TAMS 0x00000000a2300000| PB 0x00000000a2300000| Untracked |  0
|  22|0x00000000a2400000, 0x00000000a2400000, 0x00000000a2500000|  0%| F|  |TAMS 0x00000000a2400000| PB 0x00000000a2400000| Untracked |  0
|  23|0x00000000a2500000, 0x00000000a2500000, 0x00000000a2600000|  0%| F|  |TAMS 0x00000000a2500000| PB 0x00000000a2500000| Untracked |  0
|  24|0x00000000a2600000, 0x00000000a2600000, 0x00000000a2700000|  0%| F|  |TAMS 0x00000000a2600000| PB 0x00000000a2600000| Untracked |  0
|  25|0x00000000a2700000, 0x00000000a2700000, 0x00000000a2800000|  0%| F|  |TAMS 0x00000000a2700000| PB 0x00000000a2700000| Untracked |  0
|  26|0x00000000a2800000, 0x00000000a2800000, 0x00000000a2900000|  0%| F|  |TAMS 0x00000000a2800000| PB 0x00000000a2800000| Untracked |  0
|  27|0x00000000a2900000, 0x00000000a2900000, 0x00000000a2a00000|  0%| F|  |TAMS 0x00000000a2900000| PB 0x00000000a2900000| Untracked |  0
|  28|0x00000000a2a00000, 0x00000000a2a00000, 0x00000000a2b00000|  0%| F|  |TAMS 0x00000000a2a00000| PB 0x00000000a2a00000| Untracked |  0
|  29|0x00000000a2b00000, 0x00000000a2b00000, 0x00000000a2c00000|  0%| F|  |TAMS 0x00000000a2b00000| PB 0x00000000a2b00000| Untracked |  0
|  30|0x00000000a2c00000, 0x00000000a2c00000, 0x00000000a2d00000|  0%| F|  |TAMS 0x00000000a2c00000| PB 0x00000000a2c00000| Untracked |  0
|  31|0x00000000a2d00000, 0x00000000a2d00000, 0x00000000a2e00000|  0%| F|  |TAMS 0x00000000a2d00000| PB 0x00000000a2d00000| Untracked |  0
|  32|0x00000000a2e00000, 0x00000000a2e00000, 0x00000000a2f00000|  0%| F|  |TAMS 0x00000000a2e00000| PB 0x00000000a2e00000| Untracked |  0
|  33|0x00000000a2f00000, 0x00000000a2f00000, 0x00000000a3000000|  0%| F|  |TAMS 0x00000000a2f00000| PB 0x00000000a2f00000| Untracked |  0
|  34|0x00000000a3000000, 0x00000000a3000000, 0x00000000a3100000|  0%| F|  |TAMS 0x00000000a3000000| PB 0x00000000a3000000| Untracked |  0
|  35|0x00000000a3100000, 0x00000000a3100000, 0x00000000a3200000|  0%| F|  |TAMS 0x00000000a3100000| PB 0x00000000a3100000| Untracked |  0
|  36|0x00000000a3200000, 0x00000000a3200000, 0x00000000a3300000|  0%| F|  |TAMS 0x00000000a3200000| PB 0x00000000a3200000| Untracked |  0
|  37|0x00000000a3300000, 0x00000000a3300000, 0x00000000a3400000|  0%| F|  |TAMS 0x00000000a3300000| PB 0x00000000a3300000| Untracked |  0
|  38|0x00000000a3400000, 0x00000000a3400000, 0x00000000a3500000|  0%| F|  |TAMS 0x00000000a3400000| PB 0x00000000a3400000| Untracked |  0
|  39|0x00000000a3500000, 0x00000000a3500000, 0x00000000a3600000|  0%| F|  |TAMS 0x00000000a3500000| PB 0x00000000a3500000| Untracked |  0
|  40|0x00000000a3600000, 0x00000000a3600000, 0x00000000a3700000|  0%| F|  |TAMS 0x00000000a3600000| PB 0x00000000a3600000| Untracked |  0
|  41|0x00000000a3700000, 0x00000000a3700000, 0x00000000a3800000|  0%| F|  |TAMS 0x00000000a3700000| PB 0x00000000a3700000| Untracked |  0
|  42|0x00000000a3800000, 0x00000000a3800000, 0x00000000a3900000|  0%| F|  |TAMS 0x00000000a3800000| PB 0x00000000a3800000| Untracked |  0
|  43|0x00000000a3900000, 0x00000000a3900000, 0x00000000a3a00000|  0%| F|  |TAMS 0x00000000a3900000| PB 0x00000000a3900000| Untracked |  0
|  44|0x00000000a3a00000, 0x00000000a3a00000, 0x00000000a3b00000|  0%| F|  |TAMS 0x00000000a3a00000| PB 0x00000000a3a00000| Untracked |  0
|  45|0x00000000a3b00000, 0x00000000a3b00000, 0x00000000a3c00000|  0%| F|  |TAMS 0x00000000a3b00000| PB 0x00000000a3b00000| Untracked |  0
|  46|0x00000000a3c00000, 0x00000000a3c00000, 0x00000000a3d00000|  0%| F|  |TAMS 0x00000000a3c00000| PB 0x00000000a3c00000| Untracked |  0
|  47|0x00000000a3d00000, 0x00000000a3d00000, 0x00000000a3e00000|  0%| F|  |TAMS 0x00000000a3d00000| PB 0x00000000a3d00000| Untracked |  0
|  48|0x00000000a3e00000, 0x00000000a3e00000, 0x00000000a3f00000|  0%| F|  |TAMS 0x00000000a3e00000| PB 0x00000000a3e00000| Untracked |  0
|  49|0x00000000a3f00000, 0x00000000a3f00000, 0x00000000a4000000|  0%| F|  |TAMS 0x00000000a3f00000| PB 0x00000000a3f00000| Untracked |  0
|  50|0x00000000a4000000, 0x00000000a4000000, 0x00000000a4100000|  0%| F|  |TAMS 0x00000000a4000000| PB 0x00000000a4000000| Untracked |  0
|  51|0x00000000a4100000, 0x00000000a4100000, 0x00000000a4200000|  0%| F|  |TAMS 0x00000000a4100000| PB 0x00000000a4100000| Untracked |  0
|  52|0x00000000a4200000, 0x00000000a4200000, 0x00000000a4300000|  0%| F|  |TAMS 0x00000000a4200000| PB 0x00000000a4200000| Untracked |  0
|  53|0x00000000a4300000, 0x00000000a4300000, 0x00000000a4400000|  0%| F|  |TAMS 0x00000000a4300000| PB 0x00000000a4300000| Untracked |  0
|  54|0x00000000a4400000, 0x00000000a4400000, 0x00000000a4500000|  0%| F|  |TAMS 0x00000000a4400000| PB 0x00000000a4400000| Untracked |  0
|  55|0x00000000a4500000, 0x00000000a4500000, 0x00000000a4600000|  0%| F|  |TAMS 0x00000000a4500000| PB 0x00000000a4500000| Untracked |  0
|  56|0x00000000a4600000, 0x00000000a4600000, 0x00000000a4700000|  0%| F|  |TAMS 0x00000000a4600000| PB 0x00000000a4600000| Untracked |  0
|  57|0x00000000a4700000, 0x00000000a4700000, 0x00000000a4800000|  0%| F|  |TAMS 0x00000000a4700000| PB 0x00000000a4700000| Untracked |  0
|  58|0x00000000a4800000, 0x00000000a4800000, 0x00000000a4900000|  0%| F|  |TAMS 0x00000000a4800000| PB 0x00000000a4800000| Untracked |  0
|  59|0x00000000a4900000, 0x00000000a4900000, 0x00000000a4a00000|  0%| F|  |TAMS 0x00000000a4900000| PB 0x00000000a4900000| Untracked |  0
|  60|0x00000000a4a00000, 0x00000000a4a00000, 0x00000000a4b00000|  0%| F|  |TAMS 0x00000000a4a00000| PB 0x00000000a4a00000| Untracked |  0
|  61|0x00000000a4b00000, 0x00000000a4b00000, 0x00000000a4c00000|  0%| F|  |TAMS 0x00000000a4b00000| PB 0x00000000a4b00000| Untracked |  0
|  62|0x00000000a4c00000, 0x00000000a4c00000, 0x00000000a4d00000|  0%| F|  |TAMS 0x00000000a4c00000| PB 0x00000000a4c00000| Untracked |  0
|  63|0x00000000a4d00000, 0x00000000a4d00000, 0x00000000a4e00000|  0%| F|  |TAMS 0x00000000a4d00000| PB 0x00000000a4d00000| Untracked |  0
|  64|0x00000000a4e00000, 0x00000000a4e00000, 0x00000000a4f00000|  0%| F|  |TAMS 0x00000000a4e00000| PB 0x00000000a4e00000| Untracked |  0
|  65|0x00000000a4f00000, 0x00000000a4f00000, 0x00000000a5000000|  0%| F|  |TAMS 0x00000000a4f00000| PB 0x00000000a4f00000| Untracked |  0
|  66|0x00000000a5000000, 0x00000000a5000000, 0x00000000a5100000|  0%| F|  |TAMS 0x00000000a5000000| PB 0x00000000a5000000| Untracked |  0
|  67|0x00000000a5100000, 0x00000000a5100000, 0x00000000a5200000|  0%| F|  |TAMS 0x00000000a5100000| PB 0x00000000a5100000| Untracked |  0
|  68|0x00000000a5200000, 0x00000000a5200000, 0x00000000a5300000|  0%| F|  |TAMS 0x00000000a5200000| PB 0x00000000a5200000| Untracked |  0
|  69|0x00000000a5300000, 0x00000000a5300000, 0x00000000a5400000|  0%| F|  |TAMS 0x00000000a5300000| PB 0x00000000a5300000| Untracked |  0
|  70|0x00000000a5400000, 0x00000000a5400000, 0x00000000a5500000|  0%| F|  |TAMS 0x00000000a5400000| PB 0x00000000a5400000| Untracked |  0
|  71|0x00000000a5500000, 0x00000000a5500000, 0x00000000a5600000|  0%| F|  |TAMS 0x00000000a5500000| PB 0x00000000a5500000| Untracked |  0
|  72|0x00000000a5600000, 0x00000000a5600000, 0x00000000a5700000|  0%| F|  |TAMS 0x00000000a5600000| PB 0x00000000a5600000| Untracked |  0
|  73|0x00000000a5700000, 0x00000000a5780000, 0x00000000a5800000| 50%| E|  |TAMS 0x00000000a5700000| PB 0x00000000a5700000| Complete |  0
|  74|0x00000000a5800000, 0x00000000a5900000, 0x00000000a5900000|100%| E|CS|TAMS 0x00000000a5800000| PB 0x00000000a5800000| Complete |  0
|  75|0x00000000a5900000, 0x00000000a5a00000, 0x00000000a5a00000|100%| E|CS|TAMS 0x00000000a5900000| PB 0x00000000a5900000| Complete |  0
|  76|0x00000000a5a00000, 0x00000000a5b00000, 0x00000000a5b00000|100%| E|CS|TAMS 0x00000000a5a00000| PB 0x00000000a5a00000| Complete |  0
|  77|0x00000000a5b00000, 0x00000000a5c00000, 0x00000000a5c00000|100%| E|CS|TAMS 0x00000000a5b00000| PB 0x00000000a5b00000| Complete |  0
|  78|0x00000000a5c00000, 0x00000000a5d00000, 0x00000000a5d00000|100%| E|CS|TAMS 0x00000000a5c00000| PB 0x00000000a5c00000| Complete |  0
|  79|0x00000000a5d00000, 0x00000000a5e00000, 0x00000000a5e00000|100%| E|CS|TAMS 0x00000000a5d00000| PB 0x00000000a5d00000| Complete |  0
|  80|0x00000000a5e00000, 0x00000000a5f00000, 0x00000000a5f00000|100%| E|CS|TAMS 0x00000000a5e00000| PB 0x00000000a5e00000| Complete |  0
|  81|0x00000000a5f00000, 0x00000000a6000000, 0x00000000a6000000|100%| E|CS|TAMS 0x00000000a5f00000| PB 0x00000000a5f00000| Complete |  0
|  82|0x00000000a6000000, 0x00000000a6100000, 0x00000000a6100000|100%| E|CS|TAMS 0x00000000a6000000| PB 0x00000000a6000000| Complete |  0
|  83|0x00000000a6100000, 0x00000000a6200000, 0x00000000a6200000|100%| E|CS|TAMS 0x00000000a6100000| PB 0x00000000a6100000| Complete |  0
|  84|0x00000000a6200000, 0x00000000a6300000, 0x00000000a6300000|100%| E|CS|TAMS 0x00000000a6200000| PB 0x00000000a6200000| Complete |  0
|  85|0x00000000a6300000, 0x00000000a6400000, 0x00000000a6400000|100%| E|CS|TAMS 0x00000000a6300000| PB 0x00000000a6300000| Complete |  0
|  86|0x00000000a6400000, 0x00000000a6500000, 0x00000000a6500000|100%| E|CS|TAMS 0x00000000a6400000| PB 0x00000000a6400000| Complete |  0
|  87|0x00000000a6500000, 0x00000000a6600000, 0x00000000a6600000|100%| E|CS|TAMS 0x00000000a6500000| PB 0x00000000a6500000| Complete |  0
|  88|0x00000000a6600000, 0x00000000a6700000, 0x00000000a6700000|100%| E|CS|TAMS 0x00000000a6600000| PB 0x00000000a6600000| Complete |  0
|  89|0x00000000a6700000, 0x00000000a6800000, 0x00000000a6800000|100%| E|CS|TAMS 0x00000000a6700000| PB 0x00000000a6700000| Complete |  0
|  90|0x00000000a6800000, 0x00000000a6900000, 0x00000000a6900000|100%| E|CS|TAMS 0x00000000a6800000| PB 0x00000000a6800000| Complete |  0
|  91|0x00000000a6900000, 0x00000000a6a00000, 0x00000000a6a00000|100%| E|CS|TAMS 0x00000000a6900000| PB 0x00000000a6900000| Complete |  0
|  92|0x00000000a6a00000, 0x00000000a6b00000, 0x00000000a6b00000|100%| E|CS|TAMS 0x00000000a6a00000| PB 0x00000000a6a00000| Complete |  0
|  93|0x00000000a6b00000, 0x00000000a6c00000, 0x00000000a6c00000|100%| E|CS|TAMS 0x00000000a6b00000| PB 0x00000000a6b00000| Complete |  0
|  94|0x00000000a6c00000, 0x00000000a6d00000, 0x00000000a6d00000|100%| E|CS|TAMS 0x00000000a6c00000| PB 0x00000000a6c00000| Complete |  0
|  95|0x00000000a6d00000, 0x00000000a6e00000, 0x00000000a6e00000|100%| E|CS|TAMS 0x00000000a6d00000| PB 0x00000000a6d00000| Complete |  0
|1520|0x00000000ffe00000, 0x00000000fff00000, 0x00000000fff00000|100%| O|  |TAMS 0x00000000ffe00000| PB 0x00000000ffe00000| Untracked |  0
|1521|0x00000000fff00000, 0x00000000fff1c348, 0x0000000100000000| 11%| O|  |TAMS 0x00000000fff00000| PB 0x00000000fff00000| Untracked |  0

Card table byte_map: [0x0000023df9bd0000,0x0000023df9ed0000] _byte_map_base: 0x0000023df96c9000

Marking Bits: (CMBitMap*) 0x0000023defb8c970
 Bits: [0x0000023df9ed0000, 0x0000023dfb698000)

Polling page: 0x0000023deddf0000

Metaspace:

Usage:
  Non-class:      6.85 MB used.
      Class:    620.55 KB used.
       Both:      7.46 MB used.

Virtual space:
  Non-class space:       64.00 MB reserved,       7.00 MB ( 11%) committed,  1 nodes.
      Class space:        1.00 GB reserved,     704.00 KB ( <1%) committed,  1 nodes.
             Both:        1.06 GB reserved,       7.69 MB ( <1%) committed. 

Chunk freelists:
   Non-Class:  9.00 MB
       Class:  15.25 MB
        Both:  24.25 MB

MaxMetaspaceSize: unlimited
CompressedClassSpaceSize: 1.00 GB
Initial GC threshold: 21.00 MB
Current GC threshold: 21.00 MB
CDS: on
 - commit_granule_bytes: 65536.
 - commit_granule_words: 8192.
 - virtual_space_node_default_size: 8388608.
 - enlarge_chunks_in_place: 1.
UseCompressedClassPointers 1, UseCompactObjectHeaders 0
Narrow klass pointer bits 32, Max shift 3
Narrow klass base: 0x0000023d8f000000, Narrow klass shift: 0
Encoding Range: [0x0000023d8f000000 - 0x0000023e8f000000), (4294967296 bytes)
Klass Range:    [0x0000023d8f000000 - 0x0000023dd0000000), (1090519040 bytes)
Klass ID Range:  [8 - 1090519033) (1090519025)


Internal statistics:

num_allocs_failed_limit: 0.
num_arena_births: 78.
num_arena_deaths: 0.
num_vsnodes_births: 2.
num_vsnodes_deaths: 0.
num_space_committed: 123.
num_space_uncommitted: 0.
num_chunks_returned_to_freelist: 0.
num_chunks_taken_from_freelist: 96.
num_chunk_merges: 0.
num_chunk_splits: 62.
num_chunks_enlarged: 37.
num_inconsistent_stats: 0.

CodeHeap 'non-profiled nmethods': size=120064Kb used=437Kb max_used=437Kb free=119626Kb
 bounds [0x0000023d87ac0000, 0x0000023d87d30000, 0x0000023d8f000000]
CodeHeap 'profiled nmethods': size=120000Kb used=1920Kb max_used=1920Kb free=118079Kb
 bounds [0x0000023d80000000, 0x0000023d80270000, 0x0000023d87530000]
CodeHeap 'non-nmethods': size=5696Kb used=1325Kb max_used=1339Kb free=4370Kb
 bounds [0x0000023d87530000, 0x0000023d877a0000, 0x0000023d87ac0000]
CodeCache: size=245760Kb, used=3682Kb, max_used=3696Kb, free=242075Kb
 total_blobs=1931, nmethods=1439, adapters=397, full_count=0
Compilation: enabled, stopped_count=0, restarted_count=0

Compilation events (20 events):
Event: 1.006 Thread 0x0000023dd0112510 1357       1       java.lang.classfile.ClassFile::latestMajorVersion (3 bytes)
Event: 1.006 Thread 0x0000023dd0112510 nmethod 1357 0x0000023d87b25988 code [0x0000023d87b25a80, 0x0000023d87b25b28]
Event: 1.006 Thread 0x0000023dd0112510 1358       1       java.lang.classfile.ClassFile::latestMinorVersion (2 bytes)
Event: 1.006 Thread 0x0000023dd0112510 nmethod 1358 0x0000023d87b25c88 code [0x0000023d87b25d80, 0x0000023d87b25e28]
Event: 1.006 Thread 0x0000023dd0112510 1359       1       jdk.internal.classfile.impl.DirectClassBuilder::setFlags (6 bytes)
Event: 1.006 Thread 0x0000023dd0112510 nmethod 1359 0x0000023d87b25f88 code [0x0000023d87b26080, 0x0000023d87b26148]
Event: 1.006 Thread 0x0000023dd0112510 1360       3       jdk.internal.classfile.impl.Util::writeList (28 bytes)
Event: 1.006 Thread 0x0000023dd0112510 nmethod 1360 0x0000023d801c3d08 code [0x0000023d801c3e60, 0x0000023d801c43c0]
Event: 1.006 Thread 0x0000023dd0112510 1361       3       jdk.internal.classfile.impl.SplitConstantPool::writeTo (120 bytes)
Event: 1.007 Thread 0x0000023dd0113430 nmethod 1337 0x0000023d87b26288 code [0x0000023d87b263a0, 0x0000023d87b26910]
Event: 1.009 Thread 0x0000023dd0112510 nmethod 1361 0x0000023d801c4408 code [0x0000023d801c46c0, 0x0000023d801c6250]
Event: 1.009 Thread 0x0000023dd0112510 1364       3       java.util.Comparator$$Lambda/0x0000023d900391a0::compare (10 bytes)
Event: 1.009 Thread 0x0000023dd0112510 nmethod 1364 0x0000023d801c6308 code [0x0000023d801c6460, 0x0000023d801c68e8]
Event: 1.009 Thread 0x0000023dd0112510 1365       3       java.util.Comparator::lambda$comparingLong$6043328a$1 (18 bytes)
Event: 1.010 Thread 0x0000023dd0112510 nmethod 1365 0x0000023d801c6908 code [0x0000023d801c6a60, 0x0000023d801c6e58]
Event: 1.010 Thread 0x0000023dd0112510 1363       1       jdk.jfr.internal.periodic.PeriodicTask::getPeriod (5 bytes)
Event: 1.010 Thread 0x0000023dd0112510 nmethod 1363 0x0000023d87b26988 code [0x0000023d87b26a80, 0x0000023d87b26b48]
Event: 1.010 Thread 0x0000023dd0112510 1362       3       jdk.internal.classfile.impl.BufWriterImpl::copyTo (15 bytes)
Event: 1.010 Thread 0x0000023dd0112510 nmethod 1362 0x0000023d801c6e88 code [0x0000023d801c6fa0, 0x0000023d801c7210]
Event: 1.046 Thread 0x0000023defccde30 nmethod 1300 0x0000023d87b26c88 code [0x0000023d87b26fc0, 0x0000023d87b296c8]

GC Heap History (0 events):
No events

Dll operation events (10 events):
Event: 0.052 Loaded shared library C:\Users\stefa\.jdks\openjdk-24\bin\java.dll
Event: 0.054 Loaded shared library C:\Users\stefa\.jdks\openjdk-24\bin\zip.dll
Event: 0.095 Loaded shared library C:\Users\stefa\.jdks\openjdk-24\bin\jsvml.dll
Event: 0.208 Loaded shared library C:\Users\stefa\.jdks\openjdk-24\bin\instrument.dll
Event: 0.215 Loaded shared library C:\Users\stefa\.jdks\openjdk-24\bin\net.dll
Event: 0.218 Loaded shared library C:\Users\stefa\.jdks\openjdk-24\bin\nio.dll
Event: 0.226 Loaded shared library C:\Users\stefa\.jdks\openjdk-24\bin\zip.dll
Event: 0.254 Loaded shared library C:\Program Files\JetBrains\IntelliJ IDEA 2024.3.2.2\bin\breakgen64.dll
Event: 0.276 Loaded shared library C:\Users\stefa\.jdks\openjdk-24\bin\extnet.dll
Event: 0.458 Loaded shared library C:\Users\stefa\.jdks\openjdk-24\bin\jimage.dll

Deoptimization events (20 events):
Event: 0.923 Thread 0x0000023df006db60 Uncommon trap: trap_request=0xffffffd6 fr.pc=0x0000023d87b169f4 relative=0x0000000000000694
Event: 0.923 Thread 0x0000023df006db60 Uncommon trap: reason=array_check action=maybe_recompile pc=0x0000023d87b169f4 method=jdk.internal.classfile.impl.SplitConstantPool.internalAdd(Ljava/lang/classfile/constantpool/PoolEntry;I)Ljava/lang/classfile/constantpool/PoolEntry; @ 46 c2
Event: 0.923 Thread 0x0000023df006db60 DEOPT PACKING pc=0x0000023d87b169f4 sp=0x00000085839fd1e0
Event: 0.923 Thread 0x0000023df006db60 DEOPT UNPACKING pc=0x0000023d87645882 sp=0x00000085839fd190 mode 2
Event: 0.923 Thread 0x0000023df006db60 Uncommon trap: trap_request=0xffffffd6 fr.pc=0x0000023d87b169f4 relative=0x0000000000000694
Event: 0.923 Thread 0x0000023df006db60 Uncommon trap: reason=array_check action=maybe_recompile pc=0x0000023d87b169f4 method=jdk.internal.classfile.impl.SplitConstantPool.internalAdd(Ljava/lang/classfile/constantpool/PoolEntry;I)Ljava/lang/classfile/constantpool/PoolEntry; @ 46 c2
Event: 0.923 Thread 0x0000023df006db60 DEOPT PACKING pc=0x0000023d87b169f4 sp=0x00000085839fd050
Event: 0.923 Thread 0x0000023df006db60 DEOPT UNPACKING pc=0x0000023d87645882 sp=0x00000085839fd000 mode 2
Event: 0.923 Thread 0x0000023df006db60 Uncommon trap: trap_request=0xffffffd6 fr.pc=0x0000023d87b169f4 relative=0x0000000000000694
Event: 0.923 Thread 0x0000023df006db60 Uncommon trap: reason=array_check action=maybe_recompile pc=0x0000023d87b169f4 method=jdk.internal.classfile.impl.SplitConstantPool.internalAdd(Ljava/lang/classfile/constantpool/PoolEntry;I)Ljava/lang/classfile/constantpool/PoolEntry; @ 46 c2
Event: 0.923 Thread 0x0000023df006db60 DEOPT PACKING pc=0x0000023d87b169f4 sp=0x00000085839fd030
Event: 0.923 Thread 0x0000023df006db60 DEOPT UNPACKING pc=0x0000023d87645882 sp=0x00000085839fcfe0 mode 2
Event: 0.972 Thread 0x0000023df006db60 Uncommon trap: trap_request=0xffffff4d fr.pc=0x0000023d87b1e498 relative=0x00000000000003f8
Event: 0.972 Thread 0x0000023df006db60 Uncommon trap: reason=unstable_if action=reinterpret pc=0x0000023d87b1e498 method=java.io.ByteArrayOutputStream.ensureCapacity(I)V @ 11 c2
Event: 0.972 Thread 0x0000023df006db60 DEOPT PACKING pc=0x0000023d87b1e498 sp=0x00000085839fdf20
Event: 0.972 Thread 0x0000023df006db60 DEOPT UNPACKING pc=0x0000023d87645882 sp=0x00000085839fde10 mode 2
Event: 0.979 Thread 0x0000023df006db60 Uncommon trap: trap_request=0xffffff4d fr.pc=0x0000023d87b1deb4 relative=0x0000000000000214
Event: 0.979 Thread 0x0000023df006db60 Uncommon trap: reason=unstable_if action=reinterpret pc=0x0000023d87b1deb4 method=java.io.ByteArrayOutputStream.ensureCapacity(I)V @ 11 c2
Event: 0.979 Thread 0x0000023df006db60 DEOPT PACKING pc=0x0000023d87b1deb4 sp=0x00000085839fdde0
Event: 0.979 Thread 0x0000023df006db60 DEOPT UNPACKING pc=0x0000023d87645882 sp=0x00000085839fdd28 mode 2

Classes loaded (20 events):
Event: 0.940 Loading class jdk/jfr/internal/MetadataWriter
Event: 0.940 Loading class jdk/jfr/internal/MetadataWriter done
Event: 0.941 Loading class jdk/jfr/internal/MetadataDescriptor$Element
Event: 0.941 Loading class jdk/jfr/internal/MetadataDescriptor$Element done
Event: 0.943 Loading class jdk/jfr/internal/MetadataDescriptor$Attribute
Event: 0.943 Loading class jdk/jfr/internal/MetadataDescriptor$Attribute done
Event: 0.965 Loading class jdk/jfr/internal/consumer/StringParser$Encoding
Event: 0.966 Loading class jdk/jfr/internal/consumer/StringParser$Encoding done
Event: 0.984 Loading class jdk/jfr/internal/consumer/RepositoryFiles
Event: 0.985 Loading class jdk/jfr/internal/consumer/RepositoryFiles done
Event: 0.990 Loading class jdk/jfr/internal/SettingsManager$InternalSetting
Event: 0.990 Loading class jdk/jfr/internal/SettingsManager$InternalSetting done
Event: 0.996 Loading class jdk/jfr/internal/util/Rate
Event: 0.996 Loading class jdk/jfr/internal/util/Rate done
Event: 0.996 Loading class jdk/jfr/internal/util/TimespanUnit
Event: 0.996 Loading class jdk/jfr/internal/util/TimespanUnit done
Event: 0.997 Loading class jdk/jfr/internal/util/ValueParser
Event: 0.997 Loading class jdk/jfr/internal/util/ValueParser done
Event: 1.000 Loading class jdk/jfr/internal/periodic/PeriodicType
Event: 1.001 Loading class jdk/jfr/internal/periodic/PeriodicType done

Classes unloaded (0 events):
No events

Classes redefined (1 events):
Event: 0.292 Thread 0x0000023defcac6e0 redefined class name=java.lang.Throwable, count=1

Internal exceptions (19 events):
Event: 0.234 Thread 0x0000023df006db60 Exception <a 'java/lang/NoSuchMethodError'{0x00000000a6bd2678}: 'void java.lang.invoke.DirectMethodHandle$Holder.invokeStatic(java.lang.Object, java.lang.Object, java.lang.Object)'> (0x00000000a6bd2678) 
thrown [s\open\src\hotspot\share\interpreter\linkResolver.cpp, line 805]
Event: 0.247 Thread 0x0000023df006db60 Exception <a 'java/lang/NoSuchMethodError'{0x00000000a6a07950}: 'java.lang.Object java.lang.invoke.Invokers$Holder.invokeExact_MT(java.lang.Object, java.lang.Object, java.lang.Object, java.lang.Object, java.lang.Object)'> (0x00000000a6a07950) 
thrown [s\open\src\hotspot\share\interpreter\linkResolver.cpp, line 805]
Event: 0.272 Thread 0x0000023dd036cb00 Exception <a 'java/lang/NoSuchMethodError'{0x00000000a6aacb20}: 'java.lang.Object java.lang.invoke.DirectMethodHandle$Holder.invokeStaticInit(java.lang.Object)'> (0x00000000a6aacb20) 
thrown [s\open\src\hotspot\share\interpreter\linkResolver.cpp, line 805]
Event: 0.278 Thread 0x0000023dd036cb00 Exception <a 'java/lang/NoSuchMethodError'{0x00000000a6ab9430}: 'void java.lang.invoke.DirectMethodHandle$Holder.invokeStatic(java.lang.Object, java.lang.Object)'> (0x00000000a6ab9430) 
thrown [s\open\src\hotspot\share\interpreter\linkResolver.cpp, line 805]
Event: 0.308 Thread 0x0000023df006db60 Exception <a 'java/lang/NoSuchMethodError'{0x00000000a69334e8}: 'java.lang.Object java.lang.invoke.DirectMethodHandle$Holder.invokeStaticInit(java.lang.Object, java.lang.Object, java.lang.Object)'> (0x00000000a69334e8) 
thrown [s\open\src\hotspot\share\interpreter\linkResolver.cpp, line 805]
Event: 0.524 Thread 0x0000023df006db60 Exception <a 'java/lang/NoSuchMethodError'{0x00000000a66e8880}: 'java.lang.Object java.lang.invoke.DirectMethodHandle$Holder.invokeStatic(java.lang.Object, int, java.lang.Object)'> (0x00000000a66e8880) 
thrown [s\open\src\hotspot\share\interpreter\linkResolver.cpp, line 805]
Event: 0.574 Thread 0x0000023df006db60 Exception <a 'java/lang/NoSuchMethodError'{0x00000000a65ac868}: 'void java.lang.invoke.DirectMethodHandle$Holder.invokeStaticInit(java.lang.Object)'> (0x00000000a65ac868) 
thrown [s\open\src\hotspot\share\interpreter\linkResolver.cpp, line 805]
Event: 0.606 Thread 0x0000023df006db60 Exception <a 'java/lang/NoSuchMethodError'{0x00000000a6460a70}: 'void java.lang.invoke.DirectMethodHandle$Holder.invokeSpecial(java.lang.Object, java.lang.Object, java.lang.Object)'> (0x00000000a6460a70) 
thrown [s\open\src\hotspot\share\interpreter\linkResolver.cpp, line 805]
Event: 0.635 Thread 0x0000023df006db60 Exception <a 'java/lang/NoSuchMethodError'{0x00000000a64dc118}: 'java.lang.Object java.lang.invoke.DirectMethodHandle$Holder.newInvokeSpecial(java.lang.Object, java.lang.Object, java.lang.Object, java.lang.Object, java.lang.Object)'> (0x00000000a64dc118) 
thrown [s\open\src\hotspot\share\interpreter\linkResolver.cpp, line 805]
Event: 0.710 Thread 0x0000023df006db60 Exception <a 'java/lang/NoSuchMethodError'{0x00000000a6293a48}: 'long java.lang.invoke.DirectMethodHandle$Holder.invokeVirtual(java.lang.Object, java.lang.Object)'> (0x00000000a6293a48) 
thrown [s\open\src\hotspot\share\interpreter\linkResolver.cpp, line 805]
Event: 0.796 Thread 0x0000023df006db60 Exception <a 'java/lang/NoSuchMethodError'{0x00000000a5f099e8}: 'int java.lang.invoke.DirectMethodHandle$Holder.invokeSpecial(java.lang.Object, java.lang.Object, java.lang.Object)'> (0x00000000a5f099e8) 
thrown [s\open\src\hotspot\share\interpreter\linkResolver.cpp, line 805]
Event: 0.902 Thread 0x0000023df006db60 Exception <a 'java/lang/NoSuchMethodError'{0x00000000a5eddd80}: 'void java.lang.invoke.DirectMethodHandle$Holder.invokeSpecial(java.lang.Object, java.lang.Object, int)'> (0x00000000a5eddd80) 
thrown [s\open\src\hotspot\share\interpreter\linkResolver.cpp, line 805]
Event: 0.902 Thread 0x0000023df006db60 Exception <a 'java/lang/NoSuchMethodError'{0x00000000a5ee59c0}: 'void java.lang.invoke.Invokers$Holder.invokeExact_MT(java.lang.Object, int, java.lang.Object)'> (0x00000000a5ee59c0) 
thrown [s\open\src\hotspot\share\interpreter\linkResolver.cpp, line 805]
Event: 0.907 Thread 0x0000023df006db60 Exception <a 'java/lang/NoSuchMethodError'{0x00000000a5d01cc0}: 'void java.lang.invoke.DirectMethodHandle$Holder.invokeStatic(java.lang.Object, java.lang.Object, int)'> (0x00000000a5d01cc0) 
thrown [s\open\src\hotspot\share\interpreter\linkResolver.cpp, line 805]
Event: 0.908 Thread 0x0000023df006db60 Exception <a 'java/lang/NoSuchMethodError'{0x00000000a5d114a0}: 'java.lang.Object java.lang.invoke.DirectMethodHandle$Holder.newInvokeSpecial(java.lang.Object, java.lang.Object, int)'> (0x00000000a5d114a0) 
thrown [s\open\src\hotspot\share\interpreter\linkResolver.cpp, line 805]
Event: 0.910 Thread 0x0000023dd6309230 Exception <a 'java/lang/NoSuchMethodError'{0x00000000a5d81328}: 'long java.lang.invoke.DirectMethodHandle$Holder.invokeSpecial(java.lang.Object, java.lang.Object)'> (0x00000000a5d81328) 
thrown [s\open\src\hotspot\share\interpreter\linkResolver.cpp, line 805]
Event: 0.919 Thread 0x0000023df006db60 Exception <a 'sun/nio/fs/WindowsException'{0x00000000a5d53290}> (0x00000000a5d53290) 
thrown [s\open\src\hotspot\share\prims\jni.cpp, line 518]
Event: 0.924 Thread 0x0000023df006db60 Exception <a 'sun/nio/fs/WindowsException'{0x00000000a5d619d8}> (0x00000000a5d619d8) 
thrown [s\open\src\hotspot\share\prims\jni.cpp, line 518]
Event: 0.931 Thread 0x0000023df006db60 Exception <a 'sun/nio/fs/WindowsException'{0x00000000a5d74348}> (0x00000000a5d74348) 
thrown [s\open\src\hotspot\share\prims\jni.cpp, line 518]

VM Operations (8 events):
Event: 0.183 Executing VM operation: HandshakeAllThreads (Deoptimize)
Event: 0.183 Executing VM operation: HandshakeAllThreads (Deoptimize) done
Event: 0.292 Executing VM operation: RedefineClasses
Event: 0.294 Executing VM operation: RedefineClasses done
Event: 0.912 Executing VM operation: HandshakeAllThreads (Deoptimize)
Event: 0.912 Executing VM operation: HandshakeAllThreads (Deoptimize) done
Event: 0.987 Executing VM operation: JFRSafepointClear
Event: 0.987 Executing VM operation: JFRSafepointClear done

Memory protections (0 events):
No events

Nmethod flushes (0 events):
No events

Events (17 events):
Event: 0.077 Thread 0x0000023df006db60 Thread added: 0x0000023df006db60
Event: 0.092 Thread 0x0000023df006db60 Thread added: 0x0000023defcbcd00
Event: 0.092 Thread 0x0000023df006db60 Thread added: 0x0000023defcbe7b0
Event: 0.092 Thread 0x0000023df006db60 Thread added: 0x0000023defcc41a0
Event: 0.092 Thread 0x0000023df006db60 Thread added: 0x0000023defcc6ce0
Event: 0.092 Thread 0x0000023df006db60 Thread added: 0x0000023defcc7a30
Event: 0.092 Thread 0x0000023df006db60 Thread added: 0x0000023defccc9a0
Event: 0.093 Thread 0x0000023df006db60 Thread added: 0x0000023defccde30
Event: 0.093 Thread 0x0000023df006db60 Thread added: 0x0000023dd0112510
Event: 0.172 Thread 0x0000023df006db60 Thread added: 0x0000023dd01cb2a0
Event: 0.255 Thread 0x0000023df006db60 Thread added: 0x0000023dd036cb00
Event: 0.457 Thread 0x0000023dd0112510 Thread added: 0x0000023dd0114ae0
Event: 0.569 Thread 0x0000023df006db60 Thread added: 0x0000023dd5e4ddc0
Event: 0.611 Thread 0x0000023dd0114ae0 Thread exited: 0x0000023dd0114ae0
Event: 0.735 Thread 0x0000023defccde30 Thread added: 0x0000023dd0114ae0
Event: 0.736 Thread 0x0000023dd0112510 Thread added: 0x0000023dd0113430
Event: 0.909 Thread 0x0000023df006db60 Thread added: 0x0000023dd6309230


Dynamic libraries:
0x00007ff6a7540000 - 0x00007ff6a754e000 	C:\Users\stefa\.jdks\openjdk-24\bin\java.exe
0x00007ffd2cb70000 - 0x00007ffd2cd87000 	C:\Windows\SYSTEM32\ntdll.dll
0x00007ffd2c130000 - 0x00007ffd2c1f4000 	C:\Windows\System32\KERNEL32.DLL
0x00007ffd29dd0000 - 0x00007ffd2a1a3000 	C:\Windows\System32\KERNELBASE.dll
0x00007ffd2a6f0000 - 0x00007ffd2a801000 	C:\Windows\System32\ucrtbase.dll
0x00007ffd19830000 - 0x00007ffd19846000 	C:\Users\stefa\.jdks\openjdk-24\bin\jli.dll
0x00007ffd14800000 - 0x00007ffd1481b000 	C:\Users\stefa\.jdks\openjdk-24\bin\VCRUNTIME140.dll
0x00007ffd2bbc0000 - 0x00007ffd2bd71000 	C:\Windows\System32\USER32.dll
0x00007ffd2a3e0000 - 0x00007ffd2a406000 	C:\Windows\System32\win32u.dll
0x00007ffd133b0000 - 0x00007ffd13648000 	C:\Windows\WinSxS\amd64_microsoft.windows.common-controls_6595b64144ccf1df_6.0.22621.5124_none_270e8f4f7386d69d\COMCTL32.dll
0x00007ffd2b730000 - 0x00007ffd2b759000 	C:\Windows\System32\GDI32.dll
0x00007ffd2a410000 - 0x00007ffd2a52b000 	C:\Windows\System32\gdi32full.dll
0x00007ffd29d30000 - 0x00007ffd29dca000 	C:\Windows\System32\msvcp_win.dll
0x00007ffd2c230000 - 0x00007ffd2c2d7000 	C:\Windows\System32\msvcrt.dll
0x00007ffd2b760000 - 0x00007ffd2b791000 	C:\Windows\System32\IMM32.DLL
0x00007ffd256c0000 - 0x00007ffd256cc000 	C:\Users\stefa\.jdks\openjdk-24\bin\vcruntime140_1.dll
0x00007ffd0fff0000 - 0x00007ffd1007e000 	C:\Users\stefa\.jdks\openjdk-24\bin\msvcp140.dll
0x00007ffcb6290000 - 0x00007ffcb7032000 	C:\Users\stefa\.jdks\openjdk-24\bin\server\jvm.dll
0x00007ffd2ca60000 - 0x00007ffd2cb11000 	C:\Windows\System32\ADVAPI32.dll
0x00007ffd2b680000 - 0x00007ffd2b728000 	C:\Windows\System32\sechost.dll
0x00007ffd29d00000 - 0x00007ffd29d28000 	C:\Windows\System32\bcrypt.dll
0x00007ffd2c8a0000 - 0x00007ffd2c9b4000 	C:\Windows\System32\RPCRT4.dll
0x00007ffd2bb40000 - 0x00007ffd2bbb1000 	C:\Windows\System32\WS2_32.dll
0x00007ffd23760000 - 0x00007ffd23794000 	C:\Windows\SYSTEM32\WINMM.dll
0x00007ffd22be0000 - 0x00007ffd22bea000 	C:\Windows\SYSTEM32\VERSION.dll
0x00007ffd29aa0000 - 0x00007ffd29aed000 	C:\Windows\SYSTEM32\POWRPROF.dll
0x00007ffd29a80000 - 0x00007ffd29a93000 	C:\Windows\SYSTEM32\UMPDC.dll
0x00007ffd28c80000 - 0x00007ffd28c98000 	C:\Windows\SYSTEM32\kernel.appcore.dll
0x00007ffd19750000 - 0x00007ffd1975a000 	C:\Users\stefa\.jdks\openjdk-24\bin\jimage.dll
0x00007ffd26f20000 - 0x00007ffd27152000 	C:\Windows\SYSTEM32\DBGHELP.DLL
0x00007ffd2b7a0000 - 0x00007ffd2bb32000 	C:\Windows\System32\combase.dll
0x00007ffd2ad00000 - 0x00007ffd2add7000 	C:\Windows\System32\OLEAUT32.dll
0x00007ffd20430000 - 0x00007ffd20462000 	C:\Windows\SYSTEM32\dbgcore.DLL
0x00007ffd29c80000 - 0x00007ffd29cfb000 	C:\Windows\System32\bcryptPrimitives.dll
0x00007ffd162e0000 - 0x00007ffd162ef000 	C:\Users\stefa\.jdks\openjdk-24\bin\instrument.dll
0x00007ffd13ee0000 - 0x00007ffd13efe000 	C:\Users\stefa\.jdks\openjdk-24\bin\java.dll
0x00007ffd2bdf0000 - 0x00007ffd2bf91000 	C:\Windows\System32\ole32.dll
0x00007ffd2ade0000 - 0x00007ffd2b676000 	C:\Windows\System32\SHELL32.dll
0x00007ffd2a530000 - 0x00007ffd2a66f000 	C:\Windows\System32\wintypes.dll
0x00007ffcb58e0000 - 0x00007ffcb5aee000 	C:\Users\stefa\AppData\Local\Temp\idea_libasyncProfiler_dll_temp_folder11\libasyncProfiler.dll
0x00007ffd13e80000 - 0x00007ffd13e97000 	C:\Users\stefa\.jdks\openjdk-24\bin\zip.dll
0x00007ffd27b50000 - 0x00007ffd2846a000 	C:\Windows\SYSTEM32\windows.storage.dll
0x00007ffd2ab40000 - 0x00007ffd2ac4a000 	C:\Windows\System32\SHCORE.dll
0x00007ffd2c7d0000 - 0x00007ffd2c833000 	C:\Windows\System32\shlwapi.dll
0x00007ffd29bb0000 - 0x00007ffd29bdb000 	C:\Windows\SYSTEM32\profapi.dll
0x00007ffd083d0000 - 0x00007ffd084a7000 	C:\Users\stefa\.jdks\openjdk-24\bin\jsvml.dll
0x00007ffd19650000 - 0x00007ffd19660000 	C:\Users\stefa\.jdks\openjdk-24\bin\net.dll
0x00007ffd29110000 - 0x00007ffd2917a000 	C:\Windows\system32\mswsock.dll
0x00007ffd13ea0000 - 0x00007ffd13eb6000 	C:\Users\stefa\.jdks\openjdk-24\bin\nio.dll
0x00007ffd0ffd0000 - 0x00007ffd0ffea000 	C:\Program Files\JetBrains\IntelliJ IDEA 2024.3.2.2\bin\breakgen64.dll
0x00007ffd153f0000 - 0x00007ffd153f9000 	C:\Users\stefa\.jdks\openjdk-24\bin\extnet.dll
0x00007ffd28740000 - 0x00007ffd28842000 	C:\Windows\SYSTEM32\DNSAPI.dll
0x00007ffd28710000 - 0x00007ffd2873d000 	C:\Windows\SYSTEM32\IPHLPAPI.DLL
0x00007ffd2a970000 - 0x00007ffd2a979000 	C:\Windows\System32\NSI.dll
0x00007ffd17190000 - 0x00007ffd1719a000 	C:\Windows\System32\rasadhlp.dll
0x00007ffd239f0000 - 0x00007ffd23a73000 	C:\Windows\System32\fwpuclnt.dll
0x00007ffd14f90000 - 0x00007ffd14f9a000 	C:\Users\stefa\.jdks\openjdk-24\bin\management.dll
0x00007ffd10390000 - 0x00007ffd1039b000 	C:\Users\stefa\.jdks\openjdk-24\bin\management_ext.dll
0x00007ffd2c9c0000 - 0x00007ffd2c9c8000 	C:\Windows\System32\PSAPI.DLL

dbghelp: loaded successfully - version: 4.0.5 - missing functions: none
symbol engine: initialized successfully - sym options: 0x614 - pdb path: .;C:\Users\stefa\.jdks\openjdk-24\bin;C:\Windows\SYSTEM32;C:\Windows\WinSxS\amd64_microsoft.windows.common-controls_6595b64144ccf1df_6.0.22621.5124_none_270e8f4f7386d69d;C:\Users\stefa\.jdks\openjdk-24\bin\server;C:\Users\stefa\AppData\Local\Temp\idea_libasyncProfiler_dll_temp_folder11;C:\Program Files\JetBrains\IntelliJ IDEA 2024.3.2.2\bin

VM Arguments:
jvm_args: -ea -Didea.test.cyclic.buffer.size=1048576 -javaagent:C:\Program Files\JetBrains\IntelliJ IDEA 2024.3.2.2\lib\idea_rt.jar=54852:C:\Program Files\JetBrains\IntelliJ IDEA 2024.3.2.2\bin -javaagent:C:\Users\stefa\AppData\Local\JetBrains\IntelliJIdea2024.3\captureAgent\debugger-agent.jar -Dkotlinx.coroutines.debug.enable.creation.stack.trace=false -Ddebugger.agent.enable.coroutines=true -Dkotlinx.coroutines.debug.enable.flows.stack.trace=true -Dkotlinx.coroutines.debug.enable.mutable.state.flows.stack.trace=true -agentpath:C:\Users\stefa\AppData\Local\Temp\idea_libasyncProfiler_dll_temp_folder11\libasyncProfiler.dll=start,jfr,event=wall,interval=10ms,jfrsync=profile,cstack=no,file=C:\Users\stefa\IdeaSnapshots\PlayerTest_2025_04_28_194922.jfr,dbghelppath=C:\Users\stefa\AppData\Local\Temp\idea_dbghelp_dll_temp_folder4\dbghelp.dll,log=C:\Users\stefa\AppData\Local\Temp\PlayerTest_2025_04_28_194922.jfr.log.txt,logLevel=DEBUG -Dfile.encoding=UTF-8 -Dsun.stdout.encoding=UTF-8 -Dsun.stderr.encoding=UTF-8 
java_command: com.intellij.rt.junit.JUnitStarter -ideVersion5 -junit5 model.entity.PlayerTest
java_class_path (initial): C:\Users\stefa\.m2\repository\org\junit\platform\junit-platform-launcher\1.11.0\junit-platform-launcher-1.11.0.jar;C:\Program Files\JetBrains\IntelliJ IDEA 2024.3.2.2\lib\idea_rt.jar;C:\Program Files\JetBrains\IntelliJ IDEA 2024.3.2.2\plugins\junit\lib\junit5-rt.jar;C:\Program Files\JetBrains\IntelliJ IDEA 2024.3.2.2\plugins\junit\lib\junit-rt.jar;C:\DTU\Agile - Software - Java\Minicraft\target\test-classes;C:\DTU\Agile - Software - Java\Minicraft\target\classes;C:\Users\stefa\.m2\repository\io\cucumber\cucumber-java\7.19.0\cucumber-java-7.19.0.jar;C:\Users\stefa\.m2\repository\io\cucumber\cucumber-core\7.19.0\cucumber-core-7.19.0.jar;C:\Users\stefa\.m2\repository\io\cucumber\cucumber-gherkin\7.19.0\cucumber-gherkin-7.19.0.jar;C:\Users\stefa\.m2\repository\io\cucumber\cucumber-gherkin-messages\7.19.0\cucumber-gherkin-messages-7.19.0.jar;C:\Users\stefa\.m2\repository\io\cucumber\gherkin\28.0.0\gherkin-28.0.0.jar;C:\Users\stefa\.m2\repository\io\cucumber\messages\24.1.0\messages-24.1.0.jar;C:\Users\stefa\.m2\repository\io\cucumber\testng-xml-formatter\0.2.0\testng-xml-formatter-0.2.0.jar;C:\Users\stefa\.m2\repository\io\cucumber\query\12.2.0\query-12.2.0.jar;C:\Users\stefa\.m2\repository\io\cucumber\tag-expressions\6.1.0\tag-expressions-6.1.0.jar;C:\Users\stefa\.m2\repository\io\cucumber\cucumber-expressions\17.1.0\cucumber-expressions-17.1.0.jar;C:\Users\stefa\.m2\repository\io\cucumber\datatable\7.19.0\datatable-7.19.0.jar;C:\Users\stefa\.m2\repository\io\cucumber\cucumber-plugin\7.19.0\cucumber-plugin-7.19.0.jar;C:\Users\stefa\.m2\repository\io\cucumber\docstring\7.19.0\docstring-7.19.0.jar;C:\Users\stefa\.m2\repository\io\cucumber\html-formatter\21.7.0\html-formatter-21.7.0.jar;C:\Users\stefa\.m2\repository\io\cucumber\junit-xml-formatter\0.5.0\junit-xml-formatter-0.5.0.jar;C:\Users\stefa\.m2\repository\io\cucumber\ci-environment\10.0.1\ci-environment-10.0.1.jar;C:\Users\stefa\.m2\repository\org\apiguardian\apiguardian-api\1.1.2\apiguardian-api-1.1.2.jar;C:\Users\stefa\.m2\repository\io\cucumber\cucumber-junit-platform-engine\7.19.0\cucumber-junit-platform-engine-7.19.0.jar;C:\Users\stefa\.m2\repository\org\junit\platform\junit-platform-engine\1.11.0\junit-platform-engine-1.11.0.jar;C:\Users\stefa\.m2\repository\org\opentest4j\opentest4j\1.3.0\opentest4j-1.3.0.jar;C:\Users\stefa\.m2\repository\org\junit\platform\junit-platform-commons\1.11.0\junit-platform-commons-1.11.0.jar;C:\Users\stefa\.m2\repository\org\junit\jupiter\junit-jupiter\5.11.1\junit-jupiter-5.11.1.jar;C:\Users\stefa\.m2\repository\org\junit\jupiter\junit-jupiter-api\5.11.1\junit-jupiter-api-5.11.1.jar;C:\Users\stefa\.m2\repository\org\junit\jupiter\junit-jupiter-params\5.11.1\junit-jupiter-params-5.11.1.jar;C:\Users\stefa\.m2\repository\org\junit\jupiter\junit-jupiter-engine\5.11.1\junit-jupiter-engine-5.11.1.jar;C:\Users\stefa\.m2\repository\de\articdive\jnoise-pipeline\4.1.0\jnoise-pipeline-4.1.0.jar;C:\Users\stefa\.m2\repository\de\articdive\jnoise-core\4.1.0\jnoise-core-4.1.0.jar;C:\Users\stefa\.m2\repository\de\articdive\jnoise-transformers\4.1.0\jnoise-transformers-4.1.0.jar;C:\Users\stefa\.m2\repository\de\articdive\jnoise-generators\4.1.0\jnoise-generators-4.1.0.jar;C:\Users\stefa\.m2\repository\de\articdive\jnoise-modules\4.1.0\jnoise-modules-4.1.0.jar;C:\Users\stefa\.m2\repository\de\articdive\jnoise-modifiers\4.1.0\jnoise-modifiers-4.1.0.jar;C:\Users\stefa\.m2\repository\org\jspecify\jspecify\0.3.0\jspecify-0.3.0.jar
Launcher Type: SUN_STANDARD

[Global flags]
     intx CICompilerCount                          = 4                                         {product} {ergonomic}
     uint ConcGCThreads                            = 2                                         {product} {ergonomic}
     bool FlightRecorder                           = true                                      {product} {management}
     uint G1ConcRefinementThreads                  = 8                                         {product} {ergonomic}
   size_t G1HeapRegionSize                         = 1048576                                   {product} {ergonomic}
   size_t InitialHeapSize                          = 100663296                                 {product} {ergonomic}
   size_t MarkStackSize                            = 4194304                                   {product} {ergonomic}
   size_t MarkStackSizeMax                         = 536870912                                 {product} {ergonomic}
   size_t MaxHeapSize                              = 1595932672                                {product} {ergonomic}
   size_t MaxNewSize                               = 957349888                                 {product} {ergonomic}
   size_t MinHeapDeltaBytes                        = 1048576                                   {product} {ergonomic}
   size_t MinHeapSize                              = 8388608                                   {product} {ergonomic}
    uintx NonNMethodCodeHeapSize                   = 5832704                                {pd product} {ergonomic}
    uintx NonProfiledCodeHeapSize                  = 122945536                              {pd product} {ergonomic}
    uintx ProfiledCodeHeapSize                     = 122880000                              {pd product} {ergonomic}
    uintx ReservedCodeCacheSize                    = 251658240                              {pd product} {ergonomic}
     bool SegmentedCodeCache                       = true                                      {product} {ergonomic}
   size_t SoftMaxHeapSize                          = 1595932672                             {manageable} {ergonomic}
     bool UseCompressedOops                        = true                           {product lp64_product} {ergonomic}
     bool UseG1GC                                  = true                                      {product} {ergonomic}
     bool UseLargePagesIndividualAllocation        = false                                  {pd product} {ergonomic}

Logging:
Log output configuration:
 #0: stdout all=warning uptime,level,tags foldmultilines=false
 #1: stderr all=off uptime,level,tags foldmultilines=false

Environment Variables:
PATH=C:\Windows\system32;C:\Windows;C:\Windows\System32\Wbem;C:\Windows\System32\WindowsPowerShell\v1.0\;C:\Windows\System32\OpenSSH\;C:\Program Files\usbipd-win\;C:\Program Files (x86)\NVIDIA Corporation\PhysX\Common;C:\Program Files\NVIDIA Corporation\NVIDIA NvDLISR;C:\Program Files\PuTTY\;C:\Program Files\dotnet\;C:\Program Files\Git\cmd;C:\Program Files\nodejs\;C:\Users\stefa\AppData\Local\Programs\Python\Python311\Scripts\;C:\Users\stefa\AppData\Local\Programs\Python\Python311\;C:\Users\stefa\AppData\Local\Microsoft\WindowsApps;C:\Users\stefa\AppData\Local\Programs\Microsoft VS Code\bin;C:\Users\stefa\.dotnet\tools;C:\Users\stefa\AppData\Roaming\npm;C:\Users\stefa\AppData\Local\JetBrains\Toolbox\scripts;
USERNAME=stefa
OS=Windows_NT
PROCESSOR_IDENTIFIER=AMD64 Family 23 Model 24 Stepping 1, AuthenticAMD
TMP=C:\Users\stefa\AppData\Local\Temp
TEMP=C:\Users\stefa\AppData\Local\Temp




Periodic native trim disabled

---------------  S Y S T E M  ---------------

OS:
 Windows 11 , 64 bit Build 22621 (10.0.22621.5124)
OS uptime: 17 days 6:30 hours
Hyper-V role detected

CPU: total 8 (initial active 8) (8 cores per cpu, 2 threads per core) family 23 model 24 stepping 1 microcode 0x0, cx8, cmov, fxsr, ht, mmx, 3dnowpref, sse, sse2, sse3, ssse3, sse4a, sse4.1, sse4.2, popcnt, lzcnt, tsc, tscinvbit, avx, avx2, aes, clmul, bmi1, bmi2, adx, sha, fma, vzeroupper, clflush, clflushopt, hv, rdtscp, f16c
Processor Information for the first 8 processors :
  Max Mhz: 2100, Current Mhz: 2100, Mhz Limit: 2100

Memory: 4k page, system-wide physical 6081M (828M free)
TotalPageFile size 22846M (AvailPageFile size 8749M)
current process WorkingSet (physical memory assigned to process): 91M, peak: 91M
current process commit charge ("private bytes"): 232M, peak: 232M

vm_info: OpenJDK 64-Bit Server VM (24+36-3646) for windows-amd64 JRE (24+36-3646), built on 2025-02-06T00:20:43Z with MS VC++ 17.6 (VS2022)

END.
